Change Component Footprint: Designator=K9 Old Footprint=691701320005B New Footprint=61300511121
Change Physical Footprint: Designator=B1 Old Footprint=GSIB1580E345 New Footprint=GSIB1580E345
Change Physical Footprint: Designator=B2 Old Footprint=GSIB1580E345 New Footprint=GSIB1580E345
Change Physical Footprint: Designator=C1 Old Footprint=FP-RAD-TH-D_6_3_0_5-L_11-MFG New Footprint=FP-RAD-TH-D_6_3_0_5-L_11-MFG
Change Physical Footprint: Designator=C1O Old Footprint=FP-RAD-TH-D_6_3_0_5-L_11-MFG New Footprint=FP-RAD-TH-D_6_3_0_5-L_11-MFG
Change Physical Footprint: Designator=C2 Old Footprint=FP-RAD-TH-D_6_3_0_5-L_11-MFG New Footprint=FP-RAD-TH-D_6_3_0_5-L_11-MFG
Change Physical Footprint: Designator=C3 Old Footprint=FP-C0805C-DN-IPC_A New Footprint=FP-C0805C-DN-IPC_A
Change Physical Footprint: Designator=C4 Old Footprint=FP-RAD-TH-D_6_3_0_5-L_11-MFG New Footprint=FP-RAD-TH-D_6_3_0_5-L_11-MFG
Change Physical Footprint: Designator=C5 Old Footprint=FP-RAD-TH-D_6_3_0_5-L_11-MFG New Footprint=FP-RAD-TH-D_6_3_0_5-L_11-MFG
Change Physical Footprint: Designator=C6 Old Footprint=FP-C0805C-DN-IPC_A New Footprint=FP-C0805C-DN-IPC_A
Change Physical Footprint: Designator=C7 Old Footprint=FP-C0805C-DN-IPC_A New Footprint=FP-C0805C-DN-IPC_A
Change Physical Footprint: Designator=C8 Old Footprint=FP-C0805C-DN-IPC_A New Footprint=FP-C0805C-DN-IPC_A
Change Physical Footprint: Designator=C9 Old Footprint=FP-C0805C-DN-IPC_A New Footprint=FP-C0805C-DN-IPC_A
Change Physical Footprint: Designator=C11 Old Footprint=FP-C0805C-DN-IPC_A New Footprint=FP-C0805C-DN-IPC_A
Change Physical Footprint: Designator=C12 Old Footprint=FP-C0805C-DN-IPC_A New Footprint=FP-C0805C-DN-IPC_A
Change Physical Footprint: Designator=C13 Old Footprint=FP-C0805C-DN-IPC_A New Footprint=FP-C0805C-DN-IPC_A
Change Physical Footprint: Designator=C14 Old Footprint=FP-C0805C-DN-IPC_A New Footprint=FP-C0805C-DN-IPC_A
Change Physical Footprint: Designator=D1 Old Footprint=FP-1N4007-MFG New Footprint=FP-1N4007-MFG
Change Physical Footprint: Designator=D2 Old Footprint=FP-IR02-MFG New Footprint=FP-IR02-MFG
Change Physical Footprint: Designator=D3 Old Footprint=FP-1N4007-MFG New Footprint=FP-1N4007-MFG
Change Physical Footprint: Designator=IC1 Old Footprint=MURA-OKI-78SR-3 New Footprint=MURA-OKI-78SR-3
Change Physical Footprint: Designator=IC2 Old Footprint=PDIP300-P8 New Footprint=PDIP300-P8
Change Physical Footprint: Designator=IC3 Old Footprint=FP-C04-016-MFG New Footprint=FP-C04-016-MFG
Change Physical Footprint: Designator=K1 Old Footprint=PHOE-1729128-2_V New Footprint=PHOE-1729128-2_V
Change Physical Footprint: Designator=K2 Old Footprint=PHOE-1729128-2_V New Footprint=PHOE-1729128-2_V
Change Physical Footprint: Designator=K3 Old Footprint=PHOE-1729128-2_V New Footprint=PHOE-1729128-2_V
Change Physical Footprint: Designator=K4 Old Footprint=MOLX-22-28-4033_V New Footprint=MOLX-22-28-4033_V
Change Physical Footprint: Designator=K5 Old Footprint=TECO-5-146280-2_V New Footprint=TECO-5-146280-2_V
Change Physical Footprint: Designator=K6 Old Footprint=61300411121 New Footprint=61300411121
Change Physical Footprint: Designator=K7 Old Footprint=MOLX-22-28-4033_V New Footprint=MOLX-22-28-4033_V
Change Physical Footprint: Designator=K8 Old Footprint=PHOE-1729128-2_V New Footprint=PHOE-1729128-2_V
Change Physical Footprint: Designator=K10 Old Footprint=MOLX-22-28-4033_V New Footprint=MOLX-22-28-4033_V
Change Physical Footprint: Designator=K11 Old Footprint=SMTC-TSW-103-08-L-D_V New Footprint=SMTC-TSW-103-08-L-D_V
Change Physical Footprint: Designator=K12 Old Footprint=TECO-1-1634688-0-10_V New Footprint=TECO-1-1634688-0-10_V
Change Physical Footprint: Designator=L1 Old Footprint=FP-IR02-MFG New Footprint=FP-IR02-MFG
Change Physical Footprint: Designator=L2 Old Footprint=CM2545X171B10 New Footprint=CM2545X171B10
Change Physical Footprint: Designator=R1 Old Footprint=RESC2013X60X40ML20T25 New Footprint=RESC2013X60X40ML20T25
Change Physical Footprint: Designator=R2 Old Footprint=RESC2013X60X40ML20T25 New Footprint=RESC2013X60X40ML20T25
Change Physical Footprint: Designator=R3 Old Footprint=RESC2013X60X40ML20T25 New Footprint=RESC2013X60X40ML20T25
Change Physical Footprint: Designator=R4 Old Footprint=RESC2013X60X40ML20T25 New Footprint=RESC2013X60X40ML20T25
Change Physical Footprint: Designator=R5 Old Footprint=RESC2013X60X40ML20T25 New Footprint=RESC2013X60X40ML20T25
Change Physical Footprint: Designator=R6 Old Footprint=RESC2013X60X40ML20T25 New Footprint=RESC2013X60X40ML20T25
Change Physical Footprint: Designator=R7 Old Footprint=RESC2013X60X40ML20T25 New Footprint=RESC2013X60X40ML20T25
Change Physical Footprint: Designator=R8 Old Footprint=RESC2013X60X40ML20T25 New Footprint=RESC2013X60X40ML20T25
Change Physical Footprint: Designator=R9 Old Footprint=RESC2013X60X40ML20T25 New Footprint=RESC2013X60X40ML20T25
Change Physical Footprint: Designator=R10 Old Footprint=RESC2013X60X40ML20T25 New Footprint=RESC2013X60X40ML20T25
Change Physical Footprint: Designator=R11 Old Footprint=RESC2013X60X40ML20T25 New Footprint=RESC2013X60X40ML20T25
Change Physical Footprint: Designator=R12 Old Footprint=RESC2013X60X40ML20T25 New Footprint=RESC2013X60X40ML20T25
Change Physical Footprint: Designator=R13 Old Footprint=RESC2013X60X40ML20T25 New Footprint=RESC2013X60X40ML20T25
Change Physical Footprint: Designator=R14 Old Footprint=RESC2013X60X40ML20T25 New Footprint=RESC2013X60X40ML20T25
Change Physical Footprint: Designator=R15 Old Footprint=RESC2013X60X40ML20T25 New Footprint=RESC2013X60X40ML20T25
Change Physical Footprint: Designator=R16 Old Footprint=RESC2013X60X40ML20T25 New Footprint=RESC2013X60X40ML20T25
Change Physical Footprint: Designator=R17 Old Footprint=RESC2013X60X40ML20T25 New Footprint=RESC2013X60X40ML20T25
Change Physical Footprint: Designator=R18 Old Footprint=RESC2013X60X40ML20T25 New Footprint=RESC2013X60X40ML20T25
Change Physical Footprint: Designator=R19 Old Footprint=RESC2013X60X40ML20T25 New Footprint=RESC2013X60X40ML20T25
Change Physical Footprint: Designator=R20 Old Footprint=RESC2013X60X40ML20T25 New Footprint=RESC2013X60X40ML20T25
Change Physical Footprint: Designator=R21 Old Footprint=RESC2013X60X40ML20T25 New Footprint=RESC2013X60X40ML20T25
Change Physical Footprint: Designator=R22 Old Footprint=RESC2013X60X40ML20T25 New Footprint=RESC2013X60X40ML20T25
Change Physical Footprint: Designator=RE1 Old Footprint=FP-RT424005F-MFG New Footprint=FP-RT424005F-MFG
Change Physical Footprint: Designator=T1 Old Footprint=ONSC-TO-92-3-29-11 New Footprint=ONSC-TO-92-3-29-11
Change Physical Footprint: Designator=T2 Old Footprint=ONSC-TO-92-3-29-11 New Footprint=ONSC-TO-92-3-29-11
Change Physical Footprint: Designator=T3 Old Footprint=TO254P469X1042X1967-3P New Footprint=TO254P469X1042X1967-3P
Change Physical Footprint: Designator=T4 Old Footprint=ONSC-TO-92-3-29-11 New Footprint=ONSC-TO-92-3-29-11
Change Physical Footprint: Designator=T5 Old Footprint=ONSC-TO-92-3-29-11 New Footprint=ONSC-TO-92-3-29-11
